<?xml version="1.0" encoding="UTF-8"?>
<!-- Generated by org.testng.reporters.JUnitXMLReporter -->
<testsuite ignored="0" hostname="TYSS-Shivaraj" failures="2" tests="14" name="Automation Test Suite" time="101.877" errors="0" timestamp="2023-08-31T13:30:37 IST">
  <testcase classname="com.tutorialsninja.qa.testcases.RegisterTest" name="verifyRegisterWithMandetoryFields" time="3.738"/>
  <testcase classname="com.tutorialsninja.qa.testcases.RegisterTest" name="verifyRegisterbyEntringAllFields" time="4.544"/>
  <testcase classname="com.tutorialsninja.qa.testcases.RegisterTest" name="VerifyRegisteringAccountBySelectingNooption" time="4.295"/>
  <testcase classname="com.tutorialsninja.qa.testcases.RegisterTest" name="VerifyDifferentWaysOfNavigatingToRegisterAccountPage" time="0.007">
    <failure type="java.lang.NullPointerException" message="Cannot invoke &amp;quot;org.openqa.selenium.SearchContext.findElement(org.openqa.selenium.By)&amp;quot; because &amp;quot;this.searchContext&amp;quot; is null">
      <![CDATA[java.lang.NullPointerException: Cannot invoke "org.openqa.selenium.SearchContext.findElement(org.openqa.selenium.By)" because "this.searchContext" is null
at org.openqa.selenium.support.pagefactory.DefaultElementLocator.findElement(DefaultElementLocator.java:68)
at org.openqa.selenium.support.pagefactory.internal.LocatingElementHandler.invoke(LocatingElementHandler.java:38)
at jdk.proxy2/jdk.proxy2.$Proxy12.click(Unknown Source)
at com.tutorialsninja.qa.pages.HomePage.clickOnMyAccountDropMenu(HomePage.java:36)
at com.tutorialsninja.qa.testcases.RegisterTest.VerifyDifferentWaysOfNavigatingToRegisterAccountPage(RegisterTest.java:75)
at java.base/java.util.ArrayList.forEach(ArrayList.java:1511)
... Removed 27 stack frames]]>
    </failure>
  </testcase> <!-- VerifyDifferentWaysOfNavigatingToRegisterAccountPage -->
  <testcase classname="com.tutorialsninja.qa.testcases.RegisterTest" name="VerifyRegisterPageWithoutEntringCedentials" time="1.128"/>
  <testcase classname="com.tutorialsninja.qa.testcases.LoginTest" name="verifyLoginWithValidCredentials" time="1.809"/>
  <testcase classname="com.tutorialsninja.qa.testcases.LoginTest" name="verifyLoginWithValidCredentials" time="1.79"/>
  <testcase classname="com.tutorialsninja.qa.testcases.LoginTest" name="verifyLoginWithInvalidCredentials" time="1.707"/>
  <testcase classname="com.tutorialsninja.qa.testcases.LoginTest" name="verifyLoginWithInvalidEmailAndValidPassword" time="1.714"/>
  <testcase classname="com.tutorialsninja.qa.testcases.LoginTest" name="verifyLoginWithvalidEmailAndInValidPassword" time="1.622"/>
  <testcase classname="com.tutorialsninja.qa.testcases.LoginTest" name="verifyLoginWithoutValues" time="0.869"/>
  <testcase classname="com.tutorialsninja.qa.testcases.SearchTest" name="verifySearchingWithExistingProductName" time="1.089"/>
  <testcase classname="com.tutorialsninja.qa.testcases.SearchTest" name="verifySearchingWithoutEntringProductName" time="0.803">
    <failure type="java.lang.AssertionError" message="Searched product is not displayed expected [null] but found [There is no product that matches the search criteria.]">
      <![CDATA[java.lang.AssertionError: Searched product is not displayed expected [null] but found [There is no product that matches the search criteria.]
at com.tutorialsninja.qa.testcases.SearchTest.verifySearchingWithoutEntringProductName(SearchTest.java:51)
at java.base/java.util.ArrayList.forEach(ArrayList.java:1511)
... Removed 32 stack frames]]>
    </failure>
  </testcase> <!-- verifySearchingWithoutEntringProductName -->
  <testcase classname="com.tutorialsninja.qa.testcases.SearchTest" name="verifySearchingWithNonExistingProductName" time="0.0">
    <skipped/>
  </testcase> <!-- verifySearchingWithNonExistingProductName -->
</testsuite> <!-- Automation Test Suite -->
