<?xml version="1.0" encoding="UTF-8"?>
<testng-results ignored="0" total="14" passed="11" failed="2" skipped="1">
  <reporter-output>
  </reporter-output>
  <suite started-at="2023-08-31T13:28:54 IST" name="TutorialNinja Project" finished-at="2023-08-31T13:30:35 IST" duration-ms="101877">
    <groups>
    </groups>
    <test started-at="2023-08-31T13:28:54 IST" name="Automation Test Suite" finished-at="2023-08-31T13:30:35 IST" duration-ms="101877">
      <class name="com.tutorialsninja.qa.testcases.RegisterTest">
        <test-method is-config="true" signature="SetUp()[pri:0, instance:com.tutorialsninja.qa.testcases.RegisterTest@15a34df2]" started-at="2023-08-31T13:28:55 IST" name="SetUp" finished-at="2023-08-31T13:29:03 IST" duration-ms="8021" status="PASS">
          <reporter-output>
          </reporter-output>
        </test-method> <!-- SetUp -->
        <test-method signature="verifyRegisterWithMandetoryFields()[pri:1, instance:com.tutorialsninja.qa.testcases.RegisterTest@15a34df2]" started-at="2023-08-31T13:29:03 IST" name="verifyRegisterWithMandetoryFields" finished-at="2023-08-31T13:29:06 IST" duration-ms="3738" status="PASS">
          <reporter-output>
          </reporter-output>
        </test-method> <!-- verifyRegisterWithMandetoryFields -->
        <test-method is-config="true" signature="TearDown()[pri:0, instance:com.tutorialsninja.qa.testcases.RegisterTest@15a34df2]" started-at="2023-08-31T13:29:06 IST" name="TearDown" finished-at="2023-08-31T13:29:07 IST" duration-ms="399" status="PASS">
          <reporter-output>
          </reporter-output>
        </test-method> <!-- TearDown -->
        <test-method is-config="true" signature="SetUp()[pri:0, instance:com.tutorialsninja.qa.testcases.RegisterTest@15a34df2]" started-at="2023-08-31T13:29:07 IST" name="SetUp" finished-at="2023-08-31T13:29:12 IST" duration-ms="5450" status="PASS">
          <reporter-output>
          </reporter-output>
        </test-method> <!-- SetUp -->
        <test-method signature="verifyRegisterbyEntringAllFields()[pri:2, instance:com.tutorialsninja.qa.testcases.RegisterTest@15a34df2]" started-at="2023-08-31T13:29:12 IST" name="verifyRegisterbyEntringAllFields" finished-at="2023-08-31T13:29:17 IST" duration-ms="4544" status="PASS">
          <reporter-output>
          </reporter-output>
        </test-method> <!-- verifyRegisterbyEntringAllFields -->
        <test-method is-config="true" signature="TearDown()[pri:0, instance:com.tutorialsninja.qa.testcases.RegisterTest@15a34df2]" started-at="2023-08-31T13:29:17 IST" name="TearDown" finished-at="2023-08-31T13:29:17 IST" duration-ms="353" status="PASS">
          <reporter-output>
          </reporter-output>
        </test-method> <!-- TearDown -->
        <test-method is-config="true" signature="SetUp()[pri:0, instance:com.tutorialsninja.qa.testcases.RegisterTest@15a34df2]" started-at="2023-08-31T13:29:17 IST" name="SetUp" finished-at="2023-08-31T13:29:22 IST" duration-ms="5379" status="PASS">
          <reporter-output>
          </reporter-output>
        </test-method> <!-- SetUp -->
        <test-method signature="VerifyRegisteringAccountBySelectingNooption()[pri:3, instance:com.tutorialsninja.qa.testcases.RegisterTest@15a34df2]" started-at="2023-08-31T13:29:22 IST" name="VerifyRegisteringAccountBySelectingNooption" finished-at="2023-08-31T13:29:27 IST" duration-ms="4295" status="PASS">
          <reporter-output>
          </reporter-output>
        </test-method> <!-- VerifyRegisteringAccountBySelectingNooption -->
        <test-method is-config="true" signature="TearDown()[pri:0, instance:com.tutorialsninja.qa.testcases.RegisterTest@15a34df2]" started-at="2023-08-31T13:29:27 IST" name="TearDown" finished-at="2023-08-31T13:29:27 IST" duration-ms="368" status="PASS">
          <reporter-output>
          </reporter-output>
        </test-method> <!-- TearDown -->
        <test-method is-config="true" signature="SetUp()[pri:0, instance:com.tutorialsninja.qa.testcases.RegisterTest@15a34df2]" started-at="2023-08-31T13:29:27 IST" name="SetUp" finished-at="2023-08-31T13:29:32 IST" duration-ms="5294" status="PASS">
          <reporter-output>
          </reporter-output>
        </test-method> <!-- SetUp -->
        <test-method signature="VerifyDifferentWaysOfNavigatingToRegisterAccountPage()[pri:4, instance:com.tutorialsninja.qa.testcases.RegisterTest@15a34df2]" started-at="2023-08-31T13:29:32 IST" name="VerifyDifferentWaysOfNavigatingToRegisterAccountPage" finished-at="2023-08-31T13:29:32 IST" duration-ms="7" status="FAIL">
          <exception class="java.lang.NullPointerException">
            <message>
              <![CDATA[Cannot invoke "org.openqa.selenium.SearchContext.findElement(org.openqa.selenium.By)" because "this.searchContext" is null]]>
            </message>
            <full-stacktrace>
              <![CDATA[java.lang.NullPointerException: Cannot invoke "org.openqa.selenium.SearchContext.findElement(org.openqa.selenium.By)" because "this.searchContext" is null
at org.openqa.selenium.support.pagefactory.DefaultElementLocator.findElement(DefaultElementLocator.java:68)
at org.openqa.selenium.support.pagefactory.internal.LocatingElementHandler.invoke(LocatingElementHandler.java:38)
at jdk.proxy2/jdk.proxy2.$Proxy12.click(Unknown Source)
at com.tutorialsninja.qa.pages.HomePage.clickOnMyAccountDropMenu(HomePage.java:36)
at com.tutorialsninja.qa.testcases.RegisterTest.VerifyDifferentWaysOfNavigatingToRegisterAccountPage(RegisterTest.java:75)
at java.base/jdk.internal.reflect.NativeMethodAccessorImpl.invoke0(Native Method)
at java.base/jdk.internal.reflect.NativeMethodAccessorImpl.invoke(NativeMethodAccessorImpl.java:77)
at java.base/jdk.internal.reflect.DelegatingMethodAccessorImpl.invoke(DelegatingMethodAccessorImpl.java:43)
at java.base/java.lang.reflect.Method.invoke(Method.java:568)
at org.testng.internal.invokers.MethodInvocationHelper.invokeMethod(MethodInvocationHelper.java:139)
at org.testng.internal.invokers.TestInvoker.invokeMethod(TestInvoker.java:664)
at org.testng.internal.invokers.TestInvoker.invokeTestMethod(TestInvoker.java:227)
at org.testng.internal.invokers.MethodRunner.runInSequence(MethodRunner.java:50)
at org.testng.internal.invokers.TestInvoker$MethodInvocationAgent.invoke(TestInvoker.java:957)
at org.testng.internal.invokers.TestInvoker.invokeTestMethods(TestInvoker.java:200)
at org.testng.internal.invokers.TestMethodWorker.invokeTestMethods(TestMethodWorker.java:148)
at org.testng.internal.invokers.TestMethodWorker.run(TestMethodWorker.java:128)
at java.base/java.util.ArrayList.forEach(ArrayList.java:1511)
at org.testng.TestRunner.privateRun(TestRunner.java:848)
at org.testng.TestRunner.run(TestRunner.java:621)
at org.testng.SuiteRunner.runTest(SuiteRunner.java:443)
at org.testng.SuiteRunner.runSequentially(SuiteRunner.java:437)
at org.testng.SuiteRunner.privateRun(SuiteRunner.java:397)
at org.testng.SuiteRunner.run(SuiteRunner.java:336)
at org.testng.SuiteRunnerWorker.runSuite(SuiteRunnerWorker.java:52)
at org.testng.SuiteRunnerWorker.run(SuiteRunnerWorker.java:95)
at org.testng.TestNG.runSuitesSequentially(TestNG.java:1280)
at org.testng.TestNG.runSuitesLocally(TestNG.java:1200)
at org.testng.TestNG.runSuites(TestNG.java:1114)
at org.testng.TestNG.run(TestNG.java:1082)
at org.testng.remote.AbstractRemoteTestNG.run(AbstractRemoteTestNG.java:115)
at org.testng.remote.RemoteTestNG.initAndRun(RemoteTestNG.java:251)
at org.testng.remote.RemoteTestNG.main(RemoteTestNG.java:77)
]]>
            </full-stacktrace>
          </exception> <!-- java.lang.NullPointerException -->
          <reporter-output>
          </reporter-output>
        </test-method> <!-- VerifyDifferentWaysOfNavigatingToRegisterAccountPage -->
        <test-method is-config="true" signature="TearDown()[pri:0, instance:com.tutorialsninja.qa.testcases.RegisterTest@15a34df2]" started-at="2023-08-31T13:29:33 IST" name="TearDown" finished-at="2023-08-31T13:29:33 IST" duration-ms="320" status="PASS">
          <reporter-output>
          </reporter-output>
        </test-method> <!-- TearDown -->
        <test-method is-config="true" signature="SetUp()[pri:0, instance:com.tutorialsninja.qa.testcases.RegisterTest@15a34df2]" started-at="2023-08-31T13:29:33 IST" name="SetUp" finished-at="2023-08-31T13:29:38 IST" duration-ms="5456" status="PASS">
          <reporter-output>
          </reporter-output>
        </test-method> <!-- SetUp -->
        <test-method signature="VerifyRegisterPageWithoutEntringCedentials()[pri:5, instance:com.tutorialsninja.qa.testcases.RegisterTest@15a34df2]" started-at="2023-08-31T13:29:38 IST" name="VerifyRegisterPageWithoutEntringCedentials" finished-at="2023-08-31T13:29:40 IST" duration-ms="1128" status="PASS">
          <reporter-output>
          </reporter-output>
        </test-method> <!-- VerifyRegisterPageWithoutEntringCedentials -->
        <test-method is-config="true" signature="TearDown()[pri:0, instance:com.tutorialsninja.qa.testcases.RegisterTest@15a34df2]" started-at="2023-08-31T13:29:40 IST" name="TearDown" finished-at="2023-08-31T13:29:40 IST" duration-ms="355" status="PASS">
          <reporter-output>
          </reporter-output>
        </test-method> <!-- TearDown -->
      </class> <!-- com.tutorialsninja.qa.testcases.RegisterTest -->
      <class name="com.tutorialsninja.qa.testcases.SearchTest">
        <test-method is-config="true" signature="Setup()[pri:0, instance:com.tutorialsninja.qa.testcases.SearchTest@4f0f2942]" started-at="2023-08-31T13:30:24 IST" name="Setup" finished-at="2023-08-31T13:30:28 IST" duration-ms="4245" status="PASS">
          <reporter-output>
          </reporter-output>
        </test-method> <!-- Setup -->
        <test-method signature="verifySearchingWithExistingProductName()[pri:1, instance:com.tutorialsninja.qa.testcases.SearchTest@4f0f2942]" started-at="2023-08-31T13:30:28 IST" name="verifySearchingWithExistingProductName" finished-at="2023-08-31T13:30:29 IST" duration-ms="1089" status="PASS">
          <reporter-output>
          </reporter-output>
        </test-method> <!-- verifySearchingWithExistingProductName -->
        <test-method is-config="true" signature="TearDown()[pri:0, instance:com.tutorialsninja.qa.testcases.SearchTest@4f0f2942]" started-at="2023-08-31T13:30:29 IST" name="TearDown" finished-at="2023-08-31T13:30:30 IST" duration-ms="366" status="PASS">
          <reporter-output>
          </reporter-output>
        </test-method> <!-- TearDown -->
        <test-method is-config="true" signature="Setup()[pri:0, instance:com.tutorialsninja.qa.testcases.SearchTest@4f0f2942]" started-at="2023-08-31T13:30:30 IST" name="Setup" finished-at="2023-08-31T13:30:34 IST" duration-ms="4267" status="PASS">
          <reporter-output>
          </reporter-output>
        </test-method> <!-- Setup -->
        <test-method signature="verifySearchingWithoutEntringProductName()[pri:2, instance:com.tutorialsninja.qa.testcases.SearchTest@4f0f2942]" started-at="2023-08-31T13:30:34 IST" name="verifySearchingWithoutEntringProductName" finished-at="2023-08-31T13:30:35 IST" duration-ms="803" status="FAIL">
          <exception class="java.lang.AssertionError">
            <message>
              <![CDATA[Searched product is not displayed expected [null] but found [There is no product that matches the search criteria.]]]>
            </message>
            <full-stacktrace>
              <![CDATA[java.lang.AssertionError: Searched product is not displayed expected [null] but found [There is no product that matches the search criteria.]
at org.testng.Assert.fail(Assert.java:111)
at org.testng.Assert.failNotEquals(Assert.java:1578)
at org.testng.Assert.assertEqualsImpl(Assert.java:150)
at org.testng.Assert.assertEquals(Assert.java:132)
at org.testng.Assert.assertEquals(Assert.java:656)
at com.tutorialsninja.qa.testcases.SearchTest.verifySearchingWithoutEntringProductName(SearchTest.java:51)
at java.base/jdk.internal.reflect.NativeMethodAccessorImpl.invoke0(Native Method)
at java.base/jdk.internal.reflect.NativeMethodAccessorImpl.invoke(NativeMethodAccessorImpl.java:77)
at java.base/jdk.internal.reflect.DelegatingMethodAccessorImpl.invoke(DelegatingMethodAccessorImpl.java:43)
at java.base/java.lang.reflect.Method.invoke(Method.java:568)
at org.testng.internal.invokers.MethodInvocationHelper.invokeMethod(MethodInvocationHelper.java:139)
at org.testng.internal.invokers.TestInvoker.invokeMethod(TestInvoker.java:664)
at org.testng.internal.invokers.TestInvoker.invokeTestMethod(TestInvoker.java:227)
at org.testng.internal.invokers.MethodRunner.runInSequence(MethodRunner.java:50)
at org.testng.internal.invokers.TestInvoker$MethodInvocationAgent.invoke(TestInvoker.java:957)
at org.testng.internal.invokers.TestInvoker.invokeTestMethods(TestInvoker.java:200)
at org.testng.internal.invokers.TestMethodWorker.invokeTestMethods(TestMethodWorker.java:148)
at org.testng.internal.invokers.TestMethodWorker.run(TestMethodWorker.java:128)
at java.base/java.util.ArrayList.forEach(ArrayList.java:1511)
at org.testng.TestRunner.privateRun(TestRunner.java:848)
at org.testng.TestRunner.run(TestRunner.java:621)
at org.testng.SuiteRunner.runTest(SuiteRunner.java:443)
at org.testng.SuiteRunner.runSequentially(SuiteRunner.java:437)
at org.testng.SuiteRunner.privateRun(SuiteRunner.java:397)
at org.testng.SuiteRunner.run(SuiteRunner.java:336)
at org.testng.SuiteRunnerWorker.runSuite(SuiteRunnerWorker.java:52)
at org.testng.SuiteRunnerWorker.run(SuiteRunnerWorker.java:95)
at org.testng.TestNG.runSuitesSequentially(TestNG.java:1280)
at org.testng.TestNG.runSuitesLocally(TestNG.java:1200)
at org.testng.TestNG.runSuites(TestNG.java:1114)
at org.testng.TestNG.run(TestNG.java:1082)
at org.testng.remote.AbstractRemoteTestNG.run(AbstractRemoteTestNG.java:115)
at org.testng.remote.RemoteTestNG.initAndRun(RemoteTestNG.java:251)
at org.testng.remote.RemoteTestNG.main(RemoteTestNG.java:77)
]]>
            </full-stacktrace>
          </exception> <!-- java.lang.AssertionError -->
          <reporter-output>
          </reporter-output>
        </test-method> <!-- verifySearchingWithoutEntringProductName -->
        <test-method is-config="true" signature="TearDown()[pri:0, instance:com.tutorialsninja.qa.testcases.SearchTest@4f0f2942]" started-at="2023-08-31T13:30:35 IST" name="TearDown" finished-at="2023-08-31T13:30:35 IST" duration-ms="388" status="PASS">
          <reporter-output>
          </reporter-output>
        </test-method> <!-- TearDown -->
        <test-method signature="verifySearchingWithNonExistingProductName()[pri:3, instance:com.tutorialsninja.qa.testcases.SearchTest@4f0f2942]" started-at="2023-08-31T13:30:35 IST" name="verifySearchingWithNonExistingProductName" finished-at="2023-08-31T13:30:35 IST" depends-on-methods="com.tutorialsninja.qa.testcases.SearchTest.verifySearchingWithoutEntringProductName" duration-ms="0" status="SKIP">
          <exception class="java.lang.Throwable">
            <message>
              <![CDATA[Method com.tutorialsninja.qa.testcases.SearchTest.verifySearchingWithNonExistingProductName() on instance com.tutorialsninja.qa.testcases.SearchTest@4f0f2942 depends on not successfully finished methods 
[com.tutorialsninja.qa.testcases.SearchTest.verifySearchingWithoutEntringProductName() on instance com.tutorialsninja.qa.testcases.SearchTest@4f0f2942]]]>
            </message>
            <full-stacktrace>
              <![CDATA[java.lang.Throwable: Method com.tutorialsninja.qa.testcases.SearchTest.verifySearchingWithNonExistingProductName() on instance com.tutorialsninja.qa.testcases.SearchTest@4f0f2942 depends on not successfully finished methods 
[com.tutorialsninja.qa.testcases.SearchTest.verifySearchingWithoutEntringProductName() on instance com.tutorialsninja.qa.testcases.SearchTest@4f0f2942]
at org.testng.internal.invokers.TestInvoker.invokeTestMethods(TestInvoker.java:156)
at org.testng.internal.invokers.TestMethodWorker.invokeTestMethods(TestMethodWorker.java:148)
at org.testng.internal.invokers.TestMethodWorker.run(TestMethodWorker.java:128)
at java.base/java.util.ArrayList.forEach(ArrayList.java:1511)
at org.testng.TestRunner.privateRun(TestRunner.java:848)
at org.testng.TestRunner.run(TestRunner.java:621)
at org.testng.SuiteRunner.runTest(SuiteRunner.java:443)
at org.testng.SuiteRunner.runSequentially(SuiteRunner.java:437)
at org.testng.SuiteRunner.privateRun(SuiteRunner.java:397)
at org.testng.SuiteRunner.run(SuiteRunner.java:336)
at org.testng.SuiteRunnerWorker.runSuite(SuiteRunnerWorker.java:52)
at org.testng.SuiteRunnerWorker.run(SuiteRunnerWorker.java:95)
at org.testng.TestNG.runSuitesSequentially(TestNG.java:1280)
at org.testng.TestNG.runSuitesLocally(TestNG.java:1200)
at org.testng.TestNG.runSuites(TestNG.java:1114)
at org.testng.TestNG.run(TestNG.java:1082)
at org.testng.remote.AbstractRemoteTestNG.run(AbstractRemoteTestNG.java:115)
at org.testng.remote.RemoteTestNG.initAndRun(RemoteTestNG.java:251)
at org.testng.remote.RemoteTestNG.main(RemoteTestNG.java:77)
]]>
            </full-stacktrace>
          </exception> <!-- java.lang.Throwable -->
          <reporter-output>
          </reporter-output>
        </test-method> <!-- verifySearchingWithNonExistingProductName -->
      </class> <!-- com.tutorialsninja.qa.testcases.SearchTest -->
      <class name="com.tutorialsninja.qa.testcases.LoginTest">
        <test-method is-config="true" signature="setUp()[pri:0, instance:com.tutorialsninja.qa.testcases.LoginTest@29d80d2b]" started-at="2023-08-31T13:29:41 IST" name="setUp" finished-at="2023-08-31T13:29:46 IST" duration-ms="4974" status="PASS">
          <reporter-output>
          </reporter-output>
        </test-method> <!-- setUp -->
        <test-method signature="verifyLoginWithValidCredentials(java.lang.String,java.lang.String)[pri:1, instance:com.tutorialsninja.qa.testcases.LoginTest@29d80d2b]" started-at="2023-08-31T13:29:46 IST" name="verifyLoginWithValidCredentials" data-provider="validCredentialSupplier" finished-at="2023-08-31T13:29:48 IST" duration-ms="1809" status="PASS">
          <params>
            <param index="0">
              <value>
                <![CDATA[nagaroorshivaraj123@gmail.com]]>
              </value>
            </param>
            <param index="1">
              <value>
                <![CDATA[validPassword]]>
              </value>
            </param>
          </params>
          <reporter-output>
          </reporter-output>
        </test-method> <!-- verifyLoginWithValidCredentials -->
        <test-method is-config="true" signature="TearDown()[pri:0, instance:com.tutorialsninja.qa.testcases.LoginTest@29d80d2b]" started-at="2023-08-31T13:29:48 IST" name="TearDown" finished-at="2023-08-31T13:29:48 IST" duration-ms="359" status="PASS">
          <reporter-output>
          </reporter-output>
        </test-method> <!-- TearDown -->
        <test-method is-config="true" signature="setUp()[pri:0, instance:com.tutorialsninja.qa.testcases.LoginTest@29d80d2b]" started-at="2023-08-31T13:29:48 IST" name="setUp" finished-at="2023-08-31T13:29:54 IST" duration-ms="5788" status="PASS">
          <reporter-output>
          </reporter-output>
        </test-method> <!-- setUp -->
        <test-method signature="verifyLoginWithValidCredentials(java.lang.String,java.lang.String)[pri:1, instance:com.tutorialsninja.qa.testcases.LoginTest@29d80d2b]" started-at="2023-08-31T13:29:54 IST" name="verifyLoginWithValidCredentials" data-provider="validCredentialSupplier" finished-at="2023-08-31T13:29:56 IST" duration-ms="1790" status="PASS">
          <params>
            <param index="0">
              <value>
                <![CDATA[nagaroorshivaraj@gmail.com]]>
              </value>
            </param>
            <param index="1">
              <value>
                <![CDATA[12345]]>
              </value>
            </param>
          </params>
          <reporter-output>
          </reporter-output>
        </test-method> <!-- verifyLoginWithValidCredentials -->
        <test-method is-config="true" signature="TearDown()[pri:0, instance:com.tutorialsninja.qa.testcases.LoginTest@29d80d2b]" started-at="2023-08-31T13:29:56 IST" name="TearDown" finished-at="2023-08-31T13:29:56 IST" duration-ms="310" status="PASS">
          <reporter-output>
          </reporter-output>
        </test-method> <!-- TearDown -->
        <test-method is-config="true" signature="setUp()[pri:0, instance:com.tutorialsninja.qa.testcases.LoginTest@29d80d2b]" started-at="2023-08-31T13:29:56 IST" name="setUp" finished-at="2023-08-31T13:30:01 IST" duration-ms="5133" status="PASS">
          <reporter-output>
          </reporter-output>
        </test-method> <!-- setUp -->
        <test-method signature="verifyLoginWithInvalidCredentials()[pri:2, instance:com.tutorialsninja.qa.testcases.LoginTest@29d80d2b]" started-at="2023-08-31T13:30:01 IST" name="verifyLoginWithInvalidCredentials" finished-at="2023-08-31T13:30:03 IST" duration-ms="1707" status="PASS">
          <reporter-output>
          </reporter-output>
        </test-method> <!-- verifyLoginWithInvalidCredentials -->
        <test-method is-config="true" signature="TearDown()[pri:0, instance:com.tutorialsninja.qa.testcases.LoginTest@29d80d2b]" started-at="2023-08-31T13:30:03 IST" name="TearDown" finished-at="2023-08-31T13:30:03 IST" duration-ms="394" status="PASS">
          <reporter-output>
          </reporter-output>
        </test-method> <!-- TearDown -->
        <test-method is-config="true" signature="setUp()[pri:0, instance:com.tutorialsninja.qa.testcases.LoginTest@29d80d2b]" started-at="2023-08-31T13:30:03 IST" name="setUp" finished-at="2023-08-31T13:30:08 IST" duration-ms="5076" status="PASS">
          <reporter-output>
          </reporter-output>
        </test-method> <!-- setUp -->
        <test-method signature="verifyLoginWithInvalidEmailAndValidPassword()[pri:3, instance:com.tutorialsninja.qa.testcases.LoginTest@29d80d2b]" started-at="2023-08-31T13:30:08 IST" name="verifyLoginWithInvalidEmailAndValidPassword" finished-at="2023-08-31T13:30:10 IST" duration-ms="1714" status="PASS">
          <reporter-output>
          </reporter-output>
        </test-method> <!-- verifyLoginWithInvalidEmailAndValidPassword -->
        <test-method is-config="true" signature="TearDown()[pri:0, instance:com.tutorialsninja.qa.testcases.LoginTest@29d80d2b]" started-at="2023-08-31T13:30:10 IST" name="TearDown" finished-at="2023-08-31T13:30:11 IST" duration-ms="364" status="PASS">
          <reporter-output>
          </reporter-output>
        </test-method> <!-- TearDown -->
        <test-method is-config="true" signature="setUp()[pri:0, instance:com.tutorialsninja.qa.testcases.LoginTest@29d80d2b]" started-at="2023-08-31T13:30:11 IST" name="setUp" finished-at="2023-08-31T13:30:16 IST" duration-ms="5328" status="PASS">
          <reporter-output>
          </reporter-output>
        </test-method> <!-- setUp -->
        <test-method signature="verifyLoginWithvalidEmailAndInValidPassword()[pri:4, instance:com.tutorialsninja.qa.testcases.LoginTest@29d80d2b]" started-at="2023-08-31T13:30:16 IST" name="verifyLoginWithvalidEmailAndInValidPassword" finished-at="2023-08-31T13:30:17 IST" duration-ms="1622" status="PASS">
          <reporter-output>
          </reporter-output>
        </test-method> <!-- verifyLoginWithvalidEmailAndInValidPassword -->
        <test-method is-config="true" signature="TearDown()[pri:0, instance:com.tutorialsninja.qa.testcases.LoginTest@29d80d2b]" started-at="2023-08-31T13:30:17 IST" name="TearDown" finished-at="2023-08-31T13:30:18 IST" duration-ms="359" status="PASS">
          <reporter-output>
          </reporter-output>
        </test-method> <!-- TearDown -->
        <test-method is-config="true" signature="setUp()[pri:0, instance:com.tutorialsninja.qa.testcases.LoginTest@29d80d2b]" started-at="2023-08-31T13:30:18 IST" name="setUp" finished-at="2023-08-31T13:30:23 IST" duration-ms="4968" status="PASS">
          <reporter-output>
          </reporter-output>
        </test-method> <!-- setUp -->
        <test-method signature="verifyLoginWithoutValues()[pri:5, instance:com.tutorialsninja.qa.testcases.LoginTest@29d80d2b]" started-at="2023-08-31T13:30:23 IST" name="verifyLoginWithoutValues" finished-at="2023-08-31T13:30:24 IST" duration-ms="869" status="PASS">
          <reporter-output>
          </reporter-output>
        </test-method> <!-- verifyLoginWithoutValues -->
        <test-method is-config="true" signature="TearDown()[pri:0, instance:com.tutorialsninja.qa.testcases.LoginTest@29d80d2b]" started-at="2023-08-31T13:30:24 IST" name="TearDown" finished-at="2023-08-31T13:30:24 IST" duration-ms="362" status="PASS">
          <reporter-output>
          </reporter-output>
        </test-method> <!-- TearDown -->
      </class> <!-- com.tutorialsninja.qa.testcases.LoginTest -->
    </test> <!-- Automation Test Suite -->
  </suite> <!-- TutorialNinja Project -->
</testng-results>
